<?xml version="1.0" encoding="UTF-8"?>
<testng-results skipped="0" failed="0" ignored="0" total="1" passed="1">
  <reporter-output>
  </reporter-output>
  <suite name="Suite" duration-ms="11063" started-at="2019-08-21T13:20:09Z" finished-at="2019-08-21T13:20:20Z">
    <groups>
    </groups>
    <test name="Test" duration-ms="11063" started-at="2019-08-21T13:20:09Z" finished-at="2019-08-21T13:20:20Z">
      <class name="jenkins.Jenkinstest">
        <test-method status="PASS" signature="driverinitialize()[pri:0, instance:jenkins.Jenkinstest@3abbfa04]" name="driverinitialize" is-config="true" duration-ms="7925" started-at="2019-08-21T13:20:09Z" finished-at="2019-08-21T13:20:17Z">
          <reporter-output>
          </reporter-output>
        </test-method> <!-- driverinitialize -->
        <test-method status="PASS" signature="launchurl()[pri:0, instance:jenkins.Jenkinstest@3abbfa04]" name="launchurl" duration-ms="2994" started-at="2019-08-21T13:20:17Z" finished-at="2019-08-21T13:20:20Z">
          <reporter-output>
          </reporter-output>
        </test-method> <!-- launchurl -->
        <test-method status="PASS" signature="driverclose()[pri:0, instance:jenkins.Jenkinstest@3abbfa04]" name="driverclose" is-config="true" duration-ms="126" started-at="2019-08-21T13:20:20Z" finished-at="2019-08-21T13:20:20Z">
          <reporter-output>
          </reporter-output>
        </test-method> <!-- driverclose -->
      </class> <!-- jenkins.Jenkinstest -->
    </test> <!-- Test -->
  </suite> <!-- Suite -->
</testng-results>
