<?xml version="1.0" encoding="UTF-8"?>
<testng-results skipped="0" failed="0" ignored="0" total="1" passed="1">
  <reporter-output>
  </reporter-output>
  <suite name="Suite" duration-ms="20060" started-at="2019-08-27T07:26:51Z" finished-at="2019-08-27T07:27:11Z">
    <groups>
    </groups>
    <test name="Test" duration-ms="20060" started-at="2019-08-27T07:26:51Z" finished-at="2019-08-27T07:27:11Z">
      <class name="jenkins.Jentest">
        <test-method status="PASS" signature="driverinitialize()[pri:0, instance:jenkins.Jentest@5cc7c2a6]" name="driverinitialize" is-config="true" duration-ms="7820" started-at="2019-08-27T07:26:51Z" finished-at="2019-08-27T07:26:58Z">
          <reporter-output>
          </reporter-output>
        </test-method> <!-- driverinitialize -->
        <test-method status="PASS" signature="launchurl()[pri:0, instance:jenkins.Jentest@5cc7c2a6]" name="launchurl" duration-ms="12050" started-at="2019-08-27T07:26:58Z" finished-at="2019-08-27T07:27:10Z">
          <reporter-output>
          </reporter-output>
        </test-method> <!-- launchurl -->
        <test-method status="PASS" signature="driverclose()[pri:0, instance:jenkins.Jentest@5cc7c2a6]" name="driverclose" is-config="true" duration-ms="178" started-at="2019-08-27T07:27:10Z" finished-at="2019-08-27T07:27:11Z">
          <reporter-output>
          </reporter-output>
        </test-method> <!-- driverclose -->
      </class> <!-- jenkins.Jentest -->
    </test> <!-- Test -->
  </suite> <!-- Suite -->
</testng-results>
