<?xml version="1.0" encoding="UTF-8"?>
<!-- Generated by org.testng.reporters.JUnitXMLReporter -->
<testsuite hostname="SSTPR039" name="FirefoxTest" tests="2" failures="0" timestamp="6 Jan 2020 09:59:42 GMT" time="47.726" errors="0">
  <testcase name="@BeforeTest browsers" time="0.0" classname="testcases.TestCase">
    <failure type="org.openqa.selenium.WebDriverException" message="Failed to connect to binary FirefoxBinary(C:\Program Files\Mozilla Firefox\firefox.exe) on port 7055; process output follows: 
igor&amp;quot;,&amp;quot;creator&amp;quot;:null,&amp;quot;developers&amp;quot;:null,&amp;quot;translators&amp;quot;:null,&amp;quot;contributors&amp;quot;:null,&amp;quot;locales&amp;quot;:[&amp;quot;br&amp;quot;]},{&amp;quot;name&amp;quot;:&amp;quot;Wikipedia (pl)&amp;quot;,&amp;quot;description&amp;quot;:&amp;quot;Wikipedia, wolna encyklopedia&amp;quot;,&amp;quot;creator&amp;quot;:null,&amp;quot;developers&amp;quot;:null,&amp;quot;translators&amp;quot;:null,&amp;quot;contributors&amp;quot;:null,&amp;quot;locales&amp;quot;:[&amp;quot;pl&amp;quot;]},{&amp;quot;name&amp;quot;:&amp;quot;Ð’Ñ–ÐºÑ–Ð¿Ñ�Ð´Ñ‹Ñ� (be-tarask)&amp;quot;,&amp;quot;description&amp;quot;:&amp;quot;Ð’Ñ–ÐºÑ–Ð¿Ñ�Ð´Ñ‹Ñ�, Ð²Ð¾Ð»ÑŒÐ½Ð°Ñ� Ñ�Ð½Ñ†Ñ‹ÐºÐ»Ñ�Ð¿Ñ�Ð´Ñ‹Ñ�&amp;quot;,&amp;quot;creator&amp;quot;:null,&amp;quot;developers&amp;quot;:null,&amp;quot;translators&amp;quot;:null,&amp;quot;contributors&amp;quot;:null,&amp;quot;locales&amp;quot;:[&amp;quot;be-tarask&amp;quot;]},{&amp;quot;name&amp;quot;:&amp;quot;Wikipedia (sv)&amp;quot;,&amp;quot;description&amp;quot;:&amp;quot;Wikipedia, den fria encyklopedin&amp;quot;,&amp;quot;creator&amp;quot;:null,&amp;quot;developers&amp;quot;:null,&amp;quot;translators&amp;quot;:null,&amp;quot;contributors&amp;quot;:null,&amp;quot;locales&amp;quot;:[&amp;quot;sv-SE&amp;quot;]},{&amp;quot;name&amp;quot;:&amp;quot;àº§àº´àº�àº´àºžàºµà»€àº”àº� (lo)&amp;quot;,&amp;quot;description&amp;quot;:&amp;quot;àº§àº´àº�àº´àºžàºµà»€àº”àº�, àºªàº²àº¥àº²àº™àº¸àº�àº»àº¡à»€àºªàº¥àºµ&amp;quot;,&amp;quot;creator&amp;quot;:null,&amp;quot;developers&amp;quot;:null,&amp;quot;translators&amp;quot;:null,&amp;quot;contributors&amp;quot;:null,&amp;quot;locales&amp;quot;:[&amp;quot;lo&amp;quot;]},{&amp;quot;name&amp;quot;:&amp;quot;Wikipedija (sl)&amp;quot;,&amp;quot;description&amp;quot;:&amp;quot;Wikipedija, prosta enciklopedija&amp;quot;,&amp;quot;creator&amp;quot;:null,&amp;quot;developers&amp;quot;:null,&amp;quot;translators&amp;quot;:null,&amp;quot;contributors&amp;quot;:null,&amp;quot;locales&amp;quot;:[&amp;quot;sl&amp;quot;]},{&amp;quot;name&amp;quot;:&amp;quot;VikipÄ“dija&amp;quot;,&amp;quot;description&amp;quot;:&amp;quot;VikipÄ“dija, brÄ«vÄ� enciklopÄ“dija&amp;quot;,&amp;quot;creator&amp;quot;:null,&amp;quot;developers&amp;quot;:null,&amp;quot;translators&amp;quot;:null,&amp;quot;contributors&amp;quot;:null,&amp;quot;locales&amp;quot;:[&amp;quot;lv&amp;quot;]},{&amp;quot;name&amp;quot;:&amp;quot;Biquipedia (an)&amp;quot;,&amp;quot;description&amp;quot;:&amp;quot;A enciclopedia Libre&amp;quot;,&amp;quot;creator&amp;quot;:null,&amp;quot;developers&amp;quot;:null,&amp;quot;translators&amp;quot;:null,&amp;quot;contributors&amp;quot;:null,&amp;quot;locales&amp;quot;:[&amp;quot;an&amp;quot;]}],&amp;quot;targetApplications&amp;quot;:[{&amp;quot;id&amp;quot;:&amp;quot;toolkit@mozilla.org&amp;quot;,&amp;quot;minVersion&amp;quot;:null,&amp;quot;maxVersion&amp;quot;:null}],&amp;quot;targetPlatforms&amp;quot;:[],&amp;quot;seen&amp;quot;:true,&amp;quot;dependencies&amp;quot;:[],&amp;quot;incognito&amp;quot;:&amp;quot;spanning&amp;quot;,&amp;quot;userPermissions&amp;quot;:{&amp;quot;permissions&amp;quot;:[],&amp;quot;origins&amp;quot;:[]},&amp;quot;icons&amp;quot;:{&amp;quot;16&amp;quot;:&amp;quot;favicon.ico&amp;quot;},&amp;quot;iconURL&amp;quot;:null,&amp;quot;blocklistState&amp;quot;:0,&amp;quot;blocklistURL&amp;quot;:null,&amp;quot;startupData&amp;quot;:null,&amp;quot;hidden&amp;quot;:true,&amp;quot;installTelemetryInfo&amp;quot;:null,&amp;quot;recommendationState&amp;quot;:null,&amp;quot;rootURI&amp;quot;:&amp;quot;resource://search-extensions/wikipedia/&amp;quot;,&amp;quot;location&amp;quot;:&amp;quot;app-builtin&amp;quot;}
1578304738327	addons.xpi	DEBUG	Loading bootstrap scope from resource://search-extensions/wikipedia/
1578304738327	addons.xpi	DEBUG	Calling bootstrap method install on wikipedia@search.mozilla.org version 1.0
1578304738327	addons.xpi	DEBUG	Calling bootstrap method startup on wikipedia@search.mozilla.org version 1.0
1578304756957	addons.productaddons	INFO	sending request to: https://aus5.mozilla.org/update/3/GMP/71.0/20191202093317/WINNT_x86_64-msvc-x64/en-US/release/Windows_NT%206.1.1.0.7601%20(x64)/default/default/update.xml
1578304757107	addons.productaddons	INFO	Completed downloading document
console.error: services.settings: 
  Message: TypeError: NetworkError when attempting to fetch resource.
1578304757657	addons.productaddons	INFO	downloadXHR File download. status=200
1578304757661	addons.productaddons	INFO	Downloaded file will be saved to C:\Users\GOWTHA~1.VAR\AppData\Local\Temp\tmpaddon-a81064
console.error: services.settings: 
  Message: TypeError: NetworkError when attempting to fetch resource.
console.error: services.settings: 
  Message: TypeError: NetworkError when attempting to fetch resource.
console.error: services.settings: 
  Message: TypeError: NetworkError when attempting to fetch resource.
console.error: services.settings: 
  Message: TypeError: NetworkError when attempting to fetch resource.
1578304759763	addons.productaddons	INFO	downloadXHR File download. status=200
1578304759768	addons.productaddons	INFO	Downloaded file will be saved to C:\Users\GOWTHA~1.VAR\AppData\Local\Temp\tmpaddon-fe37d2
console.error: services.settings: 
  Message: TypeError: NetworkError when attempting to fetch resource.
console.error: services.settings: 
  Message: TypeError: NetworkError when attempting to fetch resource.
console.error: services.settings: 
  Message: TypeError: NetworkError when attempting to fetch resource.
console.error: services.settings: 
  Message: TypeError: NetworkError when attempting to fetch resource.
console.error: services.settings: 
  Message: TypeError: NetworkError when attempting to fetch resource.
console.error: BroadcastService: 
  receivedBroadcastMessage: handler for
  remote-settings/monitor_changes
  threw error:
  Message: TypeError: NetworkError when attempting to fetch resource.

Build info: version: &amp;apos;2.53.1&amp;apos;, revision: &amp;apos;a36b8b1&amp;apos;, time: &amp;apos;2016-06-30 17:37:03&amp;apos;
System info: host: &amp;apos;SSTPR039&amp;apos;, ip: &amp;apos;192.168.8.10&amp;apos;, os.name: &amp;apos;Windows 7&amp;apos;, os.arch: &amp;apos;amd64&amp;apos;, os.version: &amp;apos;6.1&amp;apos;, java.version: &amp;apos;1.8.0_131&amp;apos;
Driver info: driver.version: FirefoxDriver">
      <![CDATA[org.openqa.selenium.WebDriverException: Failed to connect to binary FirefoxBinary(C:\Program Files\Mozilla Firefox\firefox.exe) on port 7055; process output follows: 
igor","creator":null,"developers":null,"translators":null,"contributors":null,"locales":["br"]},{"name":"Wikipedia (pl)","description":"Wikipedia, wolna encyklopedia","creator":null,"developers":null,"translators":null,"contributors":null,"locales":["pl"]},{"name":"Ð’Ñ–ÐºÑ–Ð¿Ñ�Ð´Ñ‹Ñ� (be-tarask)","description":"Ð’Ñ–ÐºÑ–Ð¿Ñ�Ð´Ñ‹Ñ�, Ð²Ð¾Ð»ÑŒÐ½Ð°Ñ� Ñ�Ð½Ñ†Ñ‹ÐºÐ»Ñ�Ð¿Ñ�Ð´Ñ‹Ñ�","creator":null,"developers":null,"translators":null,"contributors":null,"locales":["be-tarask"]},{"name":"Wikipedia (sv)","description":"Wikipedia, den fria encyklopedin","creator":null,"developers":null,"translators":null,"contributors":null,"locales":["sv-SE"]},{"name":"àº§àº´àº�àº´àºžàºµà»€àº”àº� (lo)","description":"àº§àº´àº�àº´àºžàºµà»€àº”àº�, àºªàº²àº¥àº²àº™àº¸àº�àº»àº¡à»€àºªàº¥àºµ","creator":null,"developers":null,"translators":null,"contributors":null,"locales":["lo"]},{"name":"Wikipedija (sl)","description":"Wikipedija, prosta enciklopedija","creator":null,"developers":null,"translators":null,"contributors":null,"locales":["sl"]},{"name":"VikipÄ“dija","description":"VikipÄ“dija, brÄ«vÄ� enciklopÄ“dija","creator":null,"developers":null,"translators":null,"contributors":null,"locales":["lv"]},{"name":"Biquipedia (an)","description":"A enciclopedia Libre","creator":null,"developers":null,"translators":null,"contributors":null,"locales":["an"]}],"targetApplications":[{"id":"toolkit@mozilla.org","minVersion":null,"maxVersion":null}],"targetPlatforms":[],"seen":true,"dependencies":[],"incognito":"spanning","userPermissions":{"permissions":[],"origins":[]},"icons":{"16":"favicon.ico"},"iconURL":null,"blocklistState":0,"blocklistURL":null,"startupData":null,"hidden":true,"installTelemetryInfo":null,"recommendationState":null,"rootURI":"resource://search-extensions/wikipedia/","location":"app-builtin"}
1578304738327	addons.xpi	DEBUG	Loading bootstrap scope from resource://search-extensions/wikipedia/
1578304738327	addons.xpi	DEBUG	Calling bootstrap method install on wikipedia@search.mozilla.org version 1.0
1578304738327	addons.xpi	DEBUG	Calling bootstrap method startup on wikipedia@search.mozilla.org version 1.0
1578304756957	addons.productaddons	INFO	sending request to: https://aus5.mozilla.org/update/3/GMP/71.0/20191202093317/WINNT_x86_64-msvc-x64/en-US/release/Windows_NT%206.1.1.0.7601%20(x64)/default/default/update.xml
1578304757107	addons.productaddons	INFO	Completed downloading document
console.error: services.settings: 
  Message: TypeError: NetworkError when attempting to fetch resource.
1578304757657	addons.productaddons	INFO	downloadXHR File download. status=200
1578304757661	addons.productaddons	INFO	Downloaded file will be saved to C:\Users\GOWTHA~1.VAR\AppData\Local\Temp\tmpaddon-a81064
console.error: services.settings: 
  Message: TypeError: NetworkError when attempting to fetch resource.
console.error: services.settings: 
  Message: TypeError: NetworkError when attempting to fetch resource.
console.error: services.settings: 
  Message: TypeError: NetworkError when attempting to fetch resource.
console.error: services.settings: 
  Message: TypeError: NetworkError when attempting to fetch resource.
1578304759763	addons.productaddons	INFO	downloadXHR File download. status=200
1578304759768	addons.productaddons	INFO	Downloaded file will be saved to C:\Users\GOWTHA~1.VAR\AppData\Local\Temp\tmpaddon-fe37d2
console.error: services.settings: 
  Message: TypeError: NetworkError when attempting to fetch resource.
console.error: services.settings: 
  Message: TypeError: NetworkError when attempting to fetch resource.
console.error: services.settings: 
  Message: TypeError: NetworkError when attempting to fetch resource.
console.error: services.settings: 
  Message: TypeError: NetworkError when attempting to fetch resource.
console.error: services.settings: 
  Message: TypeError: NetworkError when attempting to fetch resource.
console.error: BroadcastService: 
  receivedBroadcastMessage: handler for
  remote-settings/monitor_changes
  threw error:
  Message: TypeError: NetworkError when attempting to fetch resource.

Build info: version: '2.53.1', revision: 'a36b8b1', time: '2016-06-30 17:37:03'
System info: host: 'SSTPR039', ip: '192.168.8.10', os.name: 'Windows 7', os.arch: 'amd64', os.version: '6.1', java.version: '1.8.0_131'
Driver info: driver.version: FirefoxDriver
	at org.openqa.selenium.firefox.internal.NewProfileExtensionConnection.start(NewProfileExtensionConnection.java:124)
	at org.openqa.selenium.firefox.FirefoxDriver.startClient(FirefoxDriver.java:271)
	at org.openqa.selenium.remote.RemoteWebDriver.<init>(RemoteWebDriver.java:119)
	at org.openqa.selenium.firefox.FirefoxDriver.<init>(FirefoxDriver.java:218)
	at org.openqa.selenium.firefox.FirefoxDriver.<init>(FirefoxDriver.java:211)
	at org.openqa.selenium.firefox.FirefoxDriver.<init>(FirefoxDriver.java:207)
	at org.openqa.selenium.firefox.FirefoxDriver.<init>(FirefoxDriver.java:120)
	at CloudBLM.CloudBLM.Baseclass.launch(Baseclass.java:28)
	at testcases.TestCase.browsers(TestCase.java:40)
Caused by: org.openqa.selenium.firefox.NotConnectedException: Unable to connect to host 127.0.0.1 on port 7055 after 45000 ms. Firefox console output:
igor","creator":null,"developers":null,"translators":null,"contributors":null,"locales":["br"]},{"name":"Wikipedia (pl)","description":"Wikipedia, wolna encyklopedia","creator":null,"developers":null,"translators":null,"contributors":null,"locales":["pl"]},{"name":"Ð’Ñ–ÐºÑ–Ð¿Ñ�Ð´Ñ‹Ñ� (be-tarask)","description":"Ð’Ñ–ÐºÑ–Ð¿Ñ�Ð´Ñ‹Ñ�, Ð²Ð¾Ð»ÑŒÐ½Ð°Ñ� Ñ�Ð½Ñ†Ñ‹ÐºÐ»Ñ�Ð¿Ñ�Ð´Ñ‹Ñ�","creator":null,"developers":null,"translators":null,"contributors":null,"locales":["be-tarask"]},{"name":"Wikipedia (sv)","description":"Wikipedia, den fria encyklopedin","creator":null,"developers":null,"translators":null,"contributors":null,"locales":["sv-SE"]},{"name":"àº§àº´àº�àº´àºžàºµà»€àº”àº� (lo)","description":"àº§àº´àº�àº´àºžàºµà»€àº”àº�, àºªàº²àº¥àº²àº™àº¸àº�àº»àº¡à»€àºªàº¥àºµ","creator":null,"developers":null,"translators":null,"contributors":null,"locales":["lo"]},{"name":"Wikipedija (sl)","description":"Wikipedija, prosta enciklopedija","creator":null,"developers":null,"translators":null,"contributors":null,"locales":["sl"]},{"name":"VikipÄ“dija","description":"VikipÄ“dija, brÄ«vÄ� enciklopÄ“dija","creator":null,"developers":null,"translators":null,"contributors":null,"locales":["lv"]},{"name":"Biquipedia (an)","description":"A enciclopedia Libre","creator":null,"developers":null,"translators":null,"contributors":null,"locales":["an"]}],"targetApplications":[{"id":"toolkit@mozilla.org","minVersion":null,"maxVersion":null}],"targetPlatforms":[],"seen":true,"dependencies":[],"incognito":"spanning","userPermissions":{"permissions":[],"origins":[]},"icons":{"16":"favicon.ico"},"iconURL":null,"blocklistState":0,"blocklistURL":null,"startupData":null,"hidden":true,"installTelemetryInfo":null,"recommendationState":null,"rootURI":"resource://search-extensions/wikipedia/","location":"app-builtin"}
1578304738327	addons.xpi	DEBUG	Loading bootstrap scope from resource://search-extensions/wikipedia/
1578304738327	addons.xpi	DEBUG	Calling bootstrap method install on wikipedia@search.mozilla.org version 1.0
1578304738327	addons.xpi	DEBUG	Calling bootstrap method startup on wikipedia@search.mozilla.org version 1.0
1578304756957	addons.productaddons	INFO	sending request to: https://aus5.mozilla.org/update/3/GMP/71.0/20191202093317/WINNT_x86_64-msvc-x64/en-US/release/Windows_NT%206.1.1.0.7601%20(x64)/default/default/update.xml
1578304757107	addons.productaddons	INFO	Completed downloading document
console.error: services.settings: 
  Message: TypeError: NetworkError when attempting to fetch resource.
1578304757657	addons.productaddons	INFO	downloadXHR File download. status=200
1578304757661	addons.productaddons	INFO	Downloaded file will be saved to C:\Users\GOWTHA~1.VAR\AppData\Local\Temp\tmpaddon-a81064
console.error: services.settings: 
  Message: TypeError: NetworkError when attempting to fetch resource.
console.error: services.settings: 
  Message: TypeError: NetworkError when attempting to fetch resource.
console.error: services.settings: 
  Message: TypeError: NetworkError when attempting to fetch resource.
console.error: services.settings: 
  Message: TypeError: NetworkError when attempting to fetch resource.
1578304759763	addons.productaddons	INFO	downloadXHR File download. status=200
1578304759768	addons.productaddons	INFO	Downloaded file will be saved to C:\Users\GOWTHA~1.VAR\AppData\Local\Temp\tmpaddon-fe37d2
console.error: services.settings: 
  Message: TypeError: NetworkError when attempting to fetch resource.
console.error: services.settings: 
  Message: TypeError: NetworkError when attempting to fetch resource.
console.error: services.settings: 
  Message: TypeError: NetworkError when attempting to fetch resource.
console.error: services.settings: 
  Message: TypeError: NetworkError when attempting to fetch resource.
console.error: services.settings: 
  Message: TypeError: NetworkError when attempting to fetch resource.
console.error: BroadcastService: 
  receivedBroadcastMessage: handler for
  remote-settings/monitor_changes
  threw error:
  Message: TypeError: NetworkError when attempting to fetch resource.

	at org.openqa.selenium.firefox.internal.NewProfileExtensionConnection.start(NewProfileExtensionConnection.java:112)
	... 30 more
... Removed 22 stack frames]]>
    </failure>
  </testcase> <!-- @BeforeTest browsers -->
  <testcase name="logindetails" time="0.016" classname="testcases.TestCase">
    <skipped/>
  </testcase> <!-- logindetails -->
  <testcase name="OrgDupRole" time="0.0" classname="testcases.TestCase">
    <skipped/>
  </testcase> <!-- OrgDupRole -->
</testsuite> <!-- FirefoxTest -->
